{"amount":"10.00","dateCreated":"lun 01 dic 18:59","isTimeLimited":false,"currency":"EUR","id":1,"tag":"WILDTAG","validTo":"01 dic 2015 18:59"},
{"amount":"10.00","dateCreated":"lun 01 dic 19:02","isTimeLimited":false,"currency":"EUR","id":2,"tag":"WILDTAG","validTo":"01 dic 2015 19:02"},
{"amount":"10.00","dateCreated":"lun 01 dic 19:05","isTimeLimited":false,"currency":"EUR","id":3,"tag":"WILDTAG","validTo":"01 dic 2015 19:05"},
{"amount":"10.00","dateCreated":"lun 01 dic 19:14","isTimeLimited":false,"currency":"EUR","id":4,"tag":"WILDTAG","validTo":"01 dic 2015 19:14"},
{"amount":"10.00","dateCreated":"mar 02 dic 19:41","isTimeLimited":false,"currency":"EUR","id":5,"tag":"WILDTAG","validTo":"02 dic 2015 19:41"},
{"amount":"10.00","dateCreated":"jue 04 dic 12:18","isTimeLimited":false,"currency":"EUR","id":6,"tag":"WILDTAG","validTo":"04 dic 2015 12:18"},
{"amount":"30.00","dateCreated":"jue 04 dic 14:10","isTimeLimited":false,"currency":"EUR","id":7,"tag":"WILDTAG","validTo":"04 dic 2015 14:10"},
{"amount":"40.00","dateCreated":"jue 04 dic 14:10","isTimeLimited":false,"currency":"EUR","id":8,"tag":"WILDTAG","validTo":"04 dic 2015 14:10"},
{"amount":"10.00","dateCreated":"vie 05 dic 11:38","isTimeLimited":false,"currency":"EUR","id":9,"tag":"WILDTAG","validTo":"05 dic 2015 11:38"},
{"amount":"10.00","dateCreated":"vie 05 dic 11:41","isTimeLimited":false,"currency":"EUR","id":10,"tag":"WILDTAG","validTo":"05 dic 2015 11:41"},
{"amount":"10.00","dateCreated":"lun 08 dic 18:40","isTimeLimited":false,"currency":"EUR","id":1,"tag":"WILDTAG","validTo":"08 dic 2015 18:40"},
{"amount":"30.00","dateCreated":"lun 08 dic 19:07","isTimeLimited":false,"currency":"EUR","id":2,"tag":"WILDTAG","validTo":"08 dic 2015 19:07"},
{"amount":"10.00","dateCreated":"lun 08 dic 19:16","isTimeLimited":false,"currency":"EUR","id":3,"tag":"WILDTAG","validTo":"08 dic 2015 19:16"},
{"amount":"40.00","dateCreated":"lun 08 dic 19:23","isTimeLimited":false,"currency":"EUR","id":4,"tag":"WILDTAG","validTo":"08 dic 2015 19:23"},
{"amount":"50.00","dateCreated":"lun 08 dic 19:23","isTimeLimited":false,"currency":"EUR","id":5,"tag":"WILDTAG","validTo":"08 dic 2015 19:23"},
{"amount":"20.00","dateCreated":"lun 08 dic 22:18","isTimeLimited":false,"currency":"EUR","id":6,"tag":"WILDTAG","validTo":"08 dic 2015 22:18"},
{"amount":"100.00","dateCreated":"mar 09 dic 09:40","isTimeLimited":false,"currency":"EUR","id":7,"tag":"WILDTAG","validTo":"09 dic 2015 09:40"},
{"amount":"10.00","dateCreated":"lun 08 dic 00:00","isTimeLimited":true,"currency":"EUR","id":8,"tag":"WILDTAG","validTo":"lun 15 dic 00:00"},
{"amount":"10.00","dateCreated":"lun 08 dic 00:00","isTimeLimited":true,"currency":"EUR","id":9,"tag":"WILDTAG","validTo":"lun 15 dic 00:00"},
{"amount":"40.00","dateCreated":"mar 09 dic 13:57","isTimeLimited":false,"currency":"EUR","id":10,"tag":"WILDTAG","validTo":"09 dic 2015 13:57"},
{"amount":"10.00","dateCreated":"lun 08 dic 00:00","isTimeLimited":true,"currency":"EUR","id":11,"tag":"WILDTAG","validTo":"lun 15 dic 00:00"},
{"amount":"10.00","dateCreated":"mié 10 dic 12:57","isTimeLimited":false,"currency":"EUR","id":12,"tag":"WILDTAG","validTo":"10 dic 2015 12:57"},
{"amount":"20.00","dateCreated":"lun 15 dic 11:28","isTimeLimited":false,"currency":"EUR","id":13,"tag":"WILDTAG","validTo":"15 dic 2015 11:28"},
{"amount":"10.00","dateCreated":"lun 15 dic 17:41","isTimeLimited":false,"currency":"EUR","id":14,"tag":"WILDTAG","validTo":"15 dic 2015 17:41"},
{"amount":"10.00","dateCreated":"lun 15 dic 17:51","isTimeLimited":false,"currency":"EUR","id":15,"tag":"WILDTAG","validTo":"15 dic 2015 17:51"},
{"amount":"10.00","dateCreated":"lun 15 dic 18:07","isTimeLimited":false,"currency":"EUR","id":16,"tag":"WILDTAG","validTo":"15 dic 2015 18:07"},
{"amount":"10.00","dateCreated":"lun 15 dic 18:22","isTimeLimited":false,"currency":"EUR","id":17,"tag":"WILDTAG","validTo":"15 dic 2015 18:22"},
{"amount":"10.00","dateCreated":"lun 15 dic 18:23","isTimeLimited":false,"currency":"EUR","id":18,"tag":"WILDTAG","validTo":"15 dic 2015 18:23"},
{"amount":"20.00","dateCreated":"mar 16 dic 11:41","isTimeLimited":false,"currency":"EUR","id":19,"tag":"WILDTAG","validTo":"16 dic 2015 11:41"},
{"amount":"10.00","dateCreated":"mar 16 dic 13:25","isTimeLimited":false,"currency":"EUR","id":20,"tag":"WILDTAG","validTo":"16 dic 2015 13:25"},
{"amount":"10.00","dateCreated":"mar 16 dic 13:25","isTimeLimited":false,"currency":"EUR","id":21,"tag":"WILDTAG","validTo":"16 dic 2015 13:25"},
