{"toUser":"ES6278788989450000000005","amount":"10000.00","dateCreated":"lun 01 dic 11:23","isParent":true,"fromUser":"ES8477777777450000012345","isTimeLimited":true,"subject":"BankVS transactionvs to userVS - lun 01 dic 11:23","currency":"EUR","id":2,"state":"OK","tag":"WILDTAG","type":"FROM_BANKVS"},
{"toUser":"ES3578788989450000000006","amount":"833.33","dateCreated":"lun 01 dic 11:59","isParent":true,"fromUser":"ES6278788989450000000005","isTimeLimited":false,"subject":"lun 1 dic. 11:59","currency":"EUR","id":4,"state":"OK","tag":"WILDTAG","type":"FROM_GROUP_TO_ALL_MEMBERS"},
{"toUser":"ES0878788989450000000007","amount":"833.33","dateCreated":"lun 01 dic 11:59","isParent":true,"fromUser":"ES6278788989450000000005","isTimeLimited":false,"subject":"lun 1 dic. 11:59","currency":"EUR","id":5,"state":"OK","tag":"WILDTAG","type":"FROM_GROUP_TO_ALL_MEMBERS"},
{"toUser":"ES7878788989450000000008","amount":"833.33","dateCreated":"lun 01 dic 11:59","isParent":true,"fromUser":"ES6278788989450000000005","isTimeLimited":false,"subject":"lun 1 dic. 11:59","currency":"EUR","id":6,"state":"OK","tag":"WILDTAG","type":"FROM_GROUP_TO_ALL_MEMBERS"},
{"toUser":"ES5178788989450000000009","amount":"833.33","dateCreated":"lun 01 dic 11:59","isParent":true,"fromUser":"ES6278788989450000000005","isTimeLimited":false,"subject":"lun 1 dic. 11:59","currency":"EUR","id":7,"state":"OK","tag":"WILDTAG","type":"FROM_GROUP_TO_ALL_MEMBERS"},
{"toUser":"ES2478788989450000000010","amount":"833.33","dateCreated":"lun 01 dic 11:59","isParent":true,"fromUser":"ES6278788989450000000005","isTimeLimited":false,"subject":"lun 1 dic. 11:59","currency":"EUR","id":8,"state":"OK","tag":"WILDTAG","type":"FROM_GROUP_TO_ALL_MEMBERS"},
{"toUser":"ES4678788989450000000002","amount":"833.33","dateCreated":"lun 01 dic 11:59","isParent":true,"fromUser":"ES6278788989450000000005","isTimeLimited":false,"subject":"lun 1 dic. 11:59","currency":"EUR","id":9,"state":"OK","tag":"WILDTAG","type":"FROM_GROUP_TO_ALL_MEMBERS"},
{"toUser":null,"amount":"10.00","dateCreated":"lun 01 dic 19:00","isParent":false,"fromUser":null,"isTimeLimited":false,"subject":"retirada de efectivo","currency":"EUR","id":10,"state":"OK","tag":"WILDTAG","type":"COOIN_REQUEST"},
{"toUser":null,"amount":"10.00","dateCreated":"lun 01 dic 19:02","isParent":false,"fromUser":null,"isTimeLimited":false,"subject":"retirada de efectivo","currency":"EUR","id":11,"state":"OK","tag":"WILDTAG","type":"COOIN_REQUEST"},
{"toUser":null,"amount":"10.00","dateCreated":"lun 01 dic 19:05","isParent":false,"fromUser":null,"isTimeLimited":false,"subject":"retirada de efectivo","currency":"EUR","id":12,"state":"OK","tag":"WILDTAG","type":"COOIN_REQUEST"},
{"toUser":null,"amount":"10.00","dateCreated":"lun 01 dic 19:14","isParent":false,"fromUser":null,"isTimeLimited":false,"subject":"retirada de efectivo","currency":"EUR","id":13,"state":"OK","tag":"WILDTAG","type":"COOIN_REQUEST"},
{"toUser":null,"amount":"10.00","dateCreated":"mar 02 dic 19:41","isParent":false,"fromUser":null,"isTimeLimited":false,"subject":"retirada de efectivo","currency":"EUR","id":14,"state":"OK","tag":"WILDTAG","type":"COOIN_REQUEST"},
{"toUser":null,"amount":"10.00","dateCreated":"jue 04 dic 12:18","isParent":false,"fromUser":null,"isTimeLimited":false,"subject":"retirada de efectivo","currency":"EUR","id":15,"state":"OK","tag":"WILDTAG","type":"COOIN_REQUEST"},
{"toUser":null,"amount":"30.00","dateCreated":"jue 04 dic 14:10","isParent":false,"fromUser":null,"isTimeLimited":false,"subject":"retirada de efectivo","currency":"EUR","id":16,"state":"OK","tag":"WILDTAG","type":"COOIN_REQUEST"},
{"toUser":null,"amount":"40.00","dateCreated":"jue 04 dic 14:10","isParent":false,"fromUser":null,"isTimeLimited":false,"subject":"retirada de efectivo","currency":"EUR","id":17,"state":"OK","tag":"WILDTAG","type":"COOIN_REQUEST"},
{"toUser":null,"amount":"10.00","dateCreated":"vie 05 dic 11:39","isParent":false,"fromUser":null,"isTimeLimited":false,"subject":"retirada de efectivo","currency":"EUR","id":18,"state":"OK","tag":"WILDTAG","type":"COOIN_REQUEST"},
{"toUser":null,"amount":"10.00","dateCreated":"vie 05 dic 11:41","isParent":false,"fromUser":null,"isTimeLimited":false,"subject":"retirada de efectivo","currency":"EUR","id":19,"state":"OK","tag":"WILDTAG","type":"COOIN_REQUEST"},
{"toUser":"ES6278788989450000000005","amount":"0.00","dateCreated":"lun 08 dic 11:20","isParent":false,"fromUser":"ES6278788989450000000005","isTimeLimited":false,"subject":"transacción para la etiqueta 'WILDTAG'","currency":"EUR","id":20,"state":"OK","tag":"WILDTAG","type":"COOIN_INIT_PERIOD"},
{"toUser":"ES7378788989450000000001","amount":"5000.00","dateCreated":"lun 08 dic 11:20","isParent":false,"fromUser":"ES6278788989450000000005","isTimeLimited":false,"subject":"transacción para la etiqueta 'WILDTAG'","currency":"EUR","id":21,"state":"OK","tag":"WILDTAG","type":"COOIN_INIT_PERIOD_TIME_LIMITED"},
{"toUser":"ES3578788989450000000006","amount":"833.33","dateCreated":"lun 08 dic 11:20","isParent":false,"fromUser":"ES3578788989450000000006","isTimeLimited":false,"subject":"transacción para la etiqueta 'WILDTAG'","currency":"EUR","id":22,"state":"OK","tag":"WILDTAG","type":"COOIN_INIT_PERIOD"},
{"toUser":"ES0878788989450000000007","amount":"833.33","dateCreated":"lun 08 dic 11:20","isParent":false,"fromUser":"ES0878788989450000000007","isTimeLimited":false,"subject":"transacción para la etiqueta 'WILDTAG'","currency":"EUR","id":23,"state":"OK","tag":"WILDTAG","type":"COOIN_INIT_PERIOD"},
{"toUser":"ES7878788989450000000008","amount":"833.33","dateCreated":"lun 08 dic 11:20","isParent":false,"fromUser":"ES7878788989450000000008","isTimeLimited":false,"subject":"transacción para la etiqueta 'WILDTAG'","currency":"EUR","id":24,"state":"OK","tag":"WILDTAG","type":"COOIN_INIT_PERIOD"},
{"toUser":"ES5178788989450000000009","amount":"833.33","dateCreated":"lun 08 dic 11:20","isParent":false,"fromUser":"ES5178788989450000000009","isTimeLimited":false,"subject":"transacción para la etiqueta 'WILDTAG'","currency":"EUR","id":25,"state":"OK","tag":"WILDTAG","type":"COOIN_INIT_PERIOD"},
{"toUser":"ES2478788989450000000010","amount":"833.33","dateCreated":"lun 08 dic 11:20","isParent":false,"fromUser":"ES2478788989450000000010","isTimeLimited":false,"subject":"transacción para la etiqueta 'WILDTAG'","currency":"EUR","id":26,"state":"OK","tag":"WILDTAG","type":"COOIN_INIT_PERIOD"},
{"toUser":"ES3578788989450000000006","amount":"833.33","dateCreated":"lun 08 dic 14:35","isParent":false,"fromUser":"ES3578788989450000000006","isTimeLimited":false,"subject":"transacción para la etiqueta 'WILDTAG'","currency":"EUR","id":27,"state":"OK","tag":"WILDTAG","type":"COOIN_INIT_PERIOD"},
{"toUser":"ES0878788989450000000007","amount":"833.33","dateCreated":"lun 08 dic 14:35","isParent":false,"fromUser":"ES0878788989450000000007","isTimeLimited":false,"subject":"transacción para la etiqueta 'WILDTAG'","currency":"EUR","id":28,"state":"OK","tag":"WILDTAG","type":"COOIN_INIT_PERIOD"},
{"toUser":"ES7878788989450000000008","amount":"833.33","dateCreated":"lun 08 dic 14:35","isParent":false,"fromUser":"ES7878788989450000000008","isTimeLimited":false,"subject":"transacción para la etiqueta 'WILDTAG'","currency":"EUR","id":29,"state":"OK","tag":"WILDTAG","type":"COOIN_INIT_PERIOD"},
{"toUser":"ES5178788989450000000009","amount":"833.33","dateCreated":"lun 08 dic 14:35","isParent":false,"fromUser":"ES5178788989450000000009","isTimeLimited":false,"subject":"transacción para la etiqueta 'WILDTAG'","currency":"EUR","id":30,"state":"OK","tag":"WILDTAG","type":"COOIN_INIT_PERIOD"},
{"toUser":"ES2478788989450000000010","amount":"833.33","dateCreated":"lun 08 dic 14:35","isParent":false,"fromUser":"ES2478788989450000000010","isTimeLimited":false,"subject":"transacción para la etiqueta 'WILDTAG'","currency":"EUR","id":31,"state":"OK","tag":"WILDTAG","type":"COOIN_INIT_PERIOD"},
{"toUser":"ES6278788989450000000005","amount":"10000.00","dateCreated":"lun 08 dic 15:06","isParent":true,"fromUser":"ES8477777777450000012345","isTimeLimited":true,"subject":"BankVS transactionvs to userVS - lun 08 dic 15:06","currency":"EUR","id":33,"state":"OK","tag":"WILDTAG","type":"FROM_BANKVS"},
{"toUser":"ES8978788989450000000004","amount":"10000.00","dateCreated":"lun 08 dic 17:17","isParent":true,"fromUser":"ES8477777777450000012345","isTimeLimited":true,"subject":"BankVS transactionvs to userVS - lun 08 dic 17:17","currency":"EUR","id":2,"state":"OK","tag":"WILDTAG","type":"FROM_BANKVS"},
{"toUser":"ES3578788989450000000006","amount":"833.33","dateCreated":"lun 08 dic 18:30","isParent":true,"fromUser":"ES8978788989450000000004","isTimeLimited":false,"subject":"test 18:28","currency":"EUR","id":4,"state":"OK","tag":"WILDTAG","type":"FROM_GROUP_TO_ALL_MEMBERS"},
{"toUser":"ES0878788989450000000007","amount":"833.33","dateCreated":"lun 08 dic 18:30","isParent":true,"fromUser":"ES8978788989450000000004","isTimeLimited":false,"subject":"test 18:28","currency":"EUR","id":5,"state":"OK","tag":"WILDTAG","type":"FROM_GROUP_TO_ALL_MEMBERS"},
{"toUser":"ES7878788989450000000008","amount":"833.33","dateCreated":"lun 08 dic 18:30","isParent":true,"fromUser":"ES8978788989450000000004","isTimeLimited":false,"subject":"test 18:28","currency":"EUR","id":6,"state":"OK","tag":"WILDTAG","type":"FROM_GROUP_TO_ALL_MEMBERS"},
{"toUser":"ES5178788989450000000009","amount":"833.33","dateCreated":"lun 08 dic 18:30","isParent":true,"fromUser":"ES8978788989450000000004","isTimeLimited":false,"subject":"test 18:28","currency":"EUR","id":7,"state":"OK","tag":"WILDTAG","type":"FROM_GROUP_TO_ALL_MEMBERS"},
{"toUser":"ES2478788989450000000010","amount":"833.33","dateCreated":"lun 08 dic 18:30","isParent":true,"fromUser":"ES8978788989450000000004","isTimeLimited":false,"subject":"test 18:28","currency":"EUR","id":8,"state":"OK","tag":"WILDTAG","type":"FROM_GROUP_TO_ALL_MEMBERS"},
{"toUser":"ES4678788989450000000002","amount":"833.33","dateCreated":"lun 08 dic 18:30","isParent":true,"fromUser":"ES8978788989450000000004","isTimeLimited":false,"subject":"test 18:28","currency":"EUR","id":9,"state":"OK","tag":"WILDTAG","type":"FROM_GROUP_TO_ALL_MEMBERS"},
{"toUser":null,"amount":"10.00","dateCreated":"lun 08 dic 18:40","isParent":false,"fromUser":null,"isTimeLimited":false,"subject":"retirada de efectivo","currency":"EUR","id":10,"state":"OK","tag":"WILDTAG","type":"COOIN_REQUEST"},
{"toUser":null,"amount":"30.00","dateCreated":"lun 08 dic 19:07","isParent":false,"fromUser":null,"isTimeLimited":false,"subject":"retirada de efectivo","currency":"EUR","id":11,"state":"OK","tag":"WILDTAG","type":"COOIN_REQUEST"},
{"toUser":null,"amount":"10.00","dateCreated":"lun 08 dic 19:16","isParent":false,"fromUser":null,"isTimeLimited":false,"subject":"retirada de efectivo","currency":"EUR","id":12,"state":"OK","tag":"WILDTAG","type":"COOIN_REQUEST"},
{"toUser":null,"amount":"40.00","dateCreated":"lun 08 dic 19:23","isParent":false,"fromUser":null,"isTimeLimited":false,"subject":"retirada de efectivo","currency":"EUR","id":13,"state":"OK","tag":"WILDTAG","type":"COOIN_REQUEST"},
{"toUser":null,"amount":"50.00","dateCreated":"lun 08 dic 19:23","isParent":false,"fromUser":null,"isTimeLimited":false,"subject":"retirada de efectivo","currency":"EUR","id":14,"state":"OK","tag":"WILDTAG","type":"COOIN_REQUEST"},
{"toUser":null,"amount":"20.00","dateCreated":"lun 08 dic 22:18","isParent":false,"fromUser":null,"isTimeLimited":false,"subject":"retirada de efectivo","currency":"EUR","id":15,"state":"OK","tag":"WILDTAG","type":"COOIN_REQUEST"},
{"toUser":null,"amount":"100.00","dateCreated":"mar 09 dic 09:40","isParent":false,"fromUser":null,"isTimeLimited":false,"subject":"retirada de efectivo","currency":"EUR","id":16,"state":"OK","tag":"WILDTAG","type":"COOIN_REQUEST"},
{"toUser":null,"amount":"10.00","dateCreated":"mar 09 dic 13:55","isParent":false,"fromUser":null,"isTimeLimited":false,"subject":"retirada de efectivo","currency":"EUR","id":17,"state":"OK","tag":"WILDTAG","type":"COOIN_REQUEST"},
{"toUser":null,"amount":"10.00","dateCreated":"mar 09 dic 13:55","isParent":false,"fromUser":null,"isTimeLimited":false,"subject":"retirada de efectivo","currency":"EUR","id":18,"state":"OK","tag":"WILDTAG","type":"COOIN_REQUEST"},
{"toUser":null,"amount":"40.00","dateCreated":"mar 09 dic 13:57","isParent":false,"fromUser":null,"isTimeLimited":false,"subject":"retirada de efectivo","currency":"EUR","id":19,"state":"OK","tag":"WILDTAG","type":"COOIN_REQUEST"},
{"toUser":null,"amount":"10.00","dateCreated":"mar 09 dic 15:03","isParent":false,"fromUser":null,"isTimeLimited":false,"subject":"retirada de efectivo","currency":"EUR","id":20,"state":"OK","tag":"WILDTAG","type":"COOIN_REQUEST"},
{"toUser":null,"amount":"10.00","dateCreated":"mié 10 dic 12:57","isParent":false,"fromUser":null,"isTimeLimited":false,"subject":"retirada de efectivo","currency":"EUR","id":21,"state":"OK","tag":"WILDTAG","type":"COOIN_REQUEST"},
{"toUser":"ES8978788989450000000004","amount":"0.00","dateCreated":"lun 15 dic 10:23","isParent":false,"fromUser":"ES8978788989450000000004","isTimeLimited":false,"subject":"transacción para la etiqueta 'WILDTAG'","currency":"EUR","id":22,"state":"OK","tag":"WILDTAG","type":"COOIN_INIT_PERIOD"},
{"toUser":"ES7378788989450000000001","amount":"5000.00","dateCreated":"lun 15 dic 10:23","isParent":false,"fromUser":"ES8978788989450000000004","isTimeLimited":false,"subject":"transacción para la etiqueta 'WILDTAG'","currency":"EUR","id":23,"state":"OK","tag":"WILDTAG","type":"COOIN_INIT_PERIOD_TIME_LIMITED"},
{"toUser":"ES3578788989450000000006","amount":"833.33","dateCreated":"lun 15 dic 10:23","isParent":false,"fromUser":"ES3578788989450000000006","isTimeLimited":false,"subject":"transacción para la etiqueta 'WILDTAG'","currency":"EUR","id":24,"state":"OK","tag":"WILDTAG","type":"COOIN_INIT_PERIOD"},
{"toUser":"ES0878788989450000000007","amount":"833.33","dateCreated":"lun 15 dic 10:23","isParent":false,"fromUser":"ES0878788989450000000007","isTimeLimited":false,"subject":"transacción para la etiqueta 'WILDTAG'","currency":"EUR","id":25,"state":"OK","tag":"WILDTAG","type":"COOIN_INIT_PERIOD"},
{"toUser":"ES7878788989450000000008","amount":"833.33","dateCreated":"lun 15 dic 10:23","isParent":false,"fromUser":"ES7878788989450000000008","isTimeLimited":false,"subject":"transacción para la etiqueta 'WILDTAG'","currency":"EUR","id":26,"state":"OK","tag":"WILDTAG","type":"COOIN_INIT_PERIOD"},
{"toUser":"ES5178788989450000000009","amount":"833.33","dateCreated":"lun 15 dic 10:23","isParent":false,"fromUser":"ES5178788989450000000009","isTimeLimited":false,"subject":"transacción para la etiqueta 'WILDTAG'","currency":"EUR","id":27,"state":"OK","tag":"WILDTAG","type":"COOIN_INIT_PERIOD"},
{"toUser":"ES2478788989450000000010","amount":"833.33","dateCreated":"lun 15 dic 10:23","isParent":false,"fromUser":"ES2478788989450000000010","isTimeLimited":false,"subject":"transacción para la etiqueta 'WILDTAG'","currency":"EUR","id":28,"state":"OK","tag":"WILDTAG","type":"COOIN_INIT_PERIOD"},
{"toUser":"ES8978788989450000000004","amount":"10000.00","dateCreated":"lun 15 dic 10:35","isParent":true,"fromUser":"ES8477777777450000012345","isTimeLimited":true,"subject":"BankVS transactionvs to userVS - lun 15 dic 10:35","currency":"EUR","id":30,"state":"OK","tag":"WILDTAG","type":"FROM_BANKVS"},
{"toUser":"ES3578788989450000000006","amount":"833.33","dateCreated":"lun 15 dic 11:27","isParent":true,"fromUser":"ES8978788989450000000004","isTimeLimited":true,"subject":"Lunes 11:27","currency":"EUR","id":32,"state":"OK","tag":"WILDTAG","type":"FROM_GROUP_TO_ALL_MEMBERS"},
{"toUser":"ES0878788989450000000007","amount":"833.33","dateCreated":"lun 15 dic 11:27","isParent":true,"fromUser":"ES8978788989450000000004","isTimeLimited":true,"subject":"Lunes 11:27","currency":"EUR","id":33,"state":"OK","tag":"WILDTAG","type":"FROM_GROUP_TO_ALL_MEMBERS"},
{"toUser":"ES7878788989450000000008","amount":"833.33","dateCreated":"lun 15 dic 11:27","isParent":true,"fromUser":"ES8978788989450000000004","isTimeLimited":true,"subject":"Lunes 11:27","currency":"EUR","id":34,"state":"OK","tag":"WILDTAG","type":"FROM_GROUP_TO_ALL_MEMBERS"},
{"toUser":"ES5178788989450000000009","amount":"833.33","dateCreated":"lun 15 dic 11:27","isParent":true,"fromUser":"ES8978788989450000000004","isTimeLimited":true,"subject":"Lunes 11:27","currency":"EUR","id":35,"state":"OK","tag":"WILDTAG","type":"FROM_GROUP_TO_ALL_MEMBERS"},
{"toUser":"ES2478788989450000000010","amount":"833.33","dateCreated":"lun 15 dic 11:27","isParent":true,"fromUser":"ES8978788989450000000004","isTimeLimited":true,"subject":"Lunes 11:27","currency":"EUR","id":36,"state":"OK","tag":"WILDTAG","type":"FROM_GROUP_TO_ALL_MEMBERS"},
{"toUser":"ES4678788989450000000002","amount":"833.33","dateCreated":"lun 15 dic 11:27","isParent":true,"fromUser":"ES8978788989450000000004","isTimeLimited":true,"subject":"Lunes 11:27","currency":"EUR","id":37,"state":"OK","tag":"WILDTAG","type":"FROM_GROUP_TO_ALL_MEMBERS"},
{"toUser":null,"amount":"20.00","dateCreated":"lun 15 dic 11:28","isParent":false,"fromUser":null,"isTimeLimited":false,"subject":"retirada de efectivo","currency":"EUR","id":38,"state":"OK","tag":"WILDTAG","type":"COOIN_REQUEST"},
{"toUser":null,"amount":"10.00","dateCreated":"lun 15 dic 17:41","isParent":false,"fromUser":null,"isTimeLimited":false,"subject":"retirada de efectivo","currency":"EUR","id":39,"state":"OK","tag":"WILDTAG","type":"COOIN_REQUEST"},
{"toUser":null,"amount":"10.00","dateCreated":"lun 15 dic 17:51","isParent":false,"fromUser":null,"isTimeLimited":false,"subject":"retirada de efectivo","currency":"EUR","id":40,"state":"OK","tag":"WILDTAG","type":"COOIN_REQUEST"},
{"toUser":null,"amount":"10.00","dateCreated":"lun 15 dic 18:07","isParent":false,"fromUser":null,"isTimeLimited":false,"subject":"retirada de efectivo","currency":"EUR","id":41,"state":"OK","tag":"WILDTAG","type":"COOIN_REQUEST"},
{"toUser":null,"amount":"10.00","dateCreated":"lun 15 dic 18:22","isParent":false,"fromUser":null,"isTimeLimited":false,"subject":"retirada de efectivo","currency":"EUR","id":42,"state":"OK","tag":"WILDTAG","type":"COOIN_REQUEST"},
{"toUser":null,"amount":"10.00","dateCreated":"lun 15 dic 18:23","isParent":false,"fromUser":null,"isTimeLimited":false,"subject":"retirada de efectivo","currency":"EUR","id":43,"state":"OK","tag":"WILDTAG","type":"COOIN_REQUEST"},
{"toUser":null,"amount":"20.00","dateCreated":"mar 16 dic 11:41","isParent":false,"fromUser":null,"isTimeLimited":false,"subject":"retirada de efectivo","currency":"EUR","id":44,"state":"OK","tag":"WILDTAG","type":"COOIN_REQUEST"},
{"toUser":null,"amount":"10.00","dateCreated":"mar 16 dic 13:25","isParent":false,"fromUser":null,"isTimeLimited":false,"subject":"retirada de efectivo","currency":"EUR","id":45,"state":"OK","tag":"WILDTAG","type":"COOIN_REQUEST"},
{"toUser":null,"amount":"10.00","dateCreated":"mar 16 dic 13:25","isParent":false,"fromUser":null,"isTimeLimited":false,"subject":"retirada de efectivo","currency":"EUR","id":46,"state":"OK","tag":"WILDTAG","type":"COOIN_REQUEST"},
{"toUser":"ES4678788989450000000002","amount":"0.00","dateCreated":"lun 22 dic 00:00","isParent":false,"fromUser":"ES4678788989450000000002","isTimeLimited":false,"subject":"transacción para la etiqueta 'WILDTAG'","currency":"EUR","id":47,"state":"OK","tag":"WILDTAG","type":"COOIN_INIT_PERIOD"},
{"toUser":"ES7378788989450000000001","amount":"723.33","dateCreated":"lun 22 dic 00:00","isParent":false,"fromUser":"ES4678788989450000000002","isTimeLimited":false,"subject":"transacción para la etiqueta 'WILDTAG'","currency":"EUR","id":48,"state":"OK","tag":"WILDTAG","type":"COOIN_INIT_PERIOD_TIME_LIMITED"},
{"toUser":"ES4678788989450000000002","amount":"0.00","dateCreated":"lun 22 dic 09:04","isParent":false,"fromUser":"ES4678788989450000000002","isTimeLimited":false,"subject":"transacción para la etiqueta 'WILDTAG'","currency":"EUR","id":49,"state":"OK","tag":"WILDTAG","type":"COOIN_INIT_PERIOD"},
{"toUser":"ES7378788989450000000001","amount":"723.33","dateCreated":"lun 22 dic 09:04","isParent":false,"fromUser":"ES4678788989450000000002","isTimeLimited":false,"subject":"transacción para la etiqueta 'WILDTAG'","currency":"EUR","id":50,"state":"OK","tag":"WILDTAG","type":"COOIN_INIT_PERIOD_TIME_LIMITED"},
{"toUser":"ES8978788989450000000004","amount":"0.00","dateCreated":"lun 22 dic 09:06","isParent":false,"fromUser":"ES8978788989450000000004","isTimeLimited":false,"subject":"transacción para la etiqueta 'WILDTAG'","currency":"EUR","id":51,"state":"OK","tag":"WILDTAG","type":"COOIN_INIT_PERIOD"},
{"toUser":"ES7378788989450000000001","amount":"5000.00","dateCreated":"lun 22 dic 09:06","isParent":false,"fromUser":"ES8978788989450000000004","isTimeLimited":false,"subject":"transacción para la etiqueta 'WILDTAG'","currency":"EUR","id":52,"state":"OK","tag":"WILDTAG","type":"COOIN_INIT_PERIOD_TIME_LIMITED"},
{"toUser":"ES3578788989450000000006","amount":"0.00","dateCreated":"lun 22 dic 09:06","isParent":false,"fromUser":"ES3578788989450000000006","isTimeLimited":false,"subject":"transacción para la etiqueta 'WILDTAG'","currency":"EUR","id":53,"state":"OK","tag":"WILDTAG","type":"COOIN_INIT_PERIOD"},
{"toUser":"ES7378788989450000000001","amount":"833.33","dateCreated":"lun 22 dic 09:06","isParent":false,"fromUser":"ES3578788989450000000006","isTimeLimited":false,"subject":"transacción para la etiqueta 'WILDTAG'","currency":"EUR","id":54,"state":"OK","tag":"WILDTAG","type":"COOIN_INIT_PERIOD_TIME_LIMITED"},
{"toUser":"ES0878788989450000000007","amount":"0.00","dateCreated":"lun 22 dic 09:06","isParent":false,"fromUser":"ES0878788989450000000007","isTimeLimited":false,"subject":"transacción para la etiqueta 'WILDTAG'","currency":"EUR","id":55,"state":"OK","tag":"WILDTAG","type":"COOIN_INIT_PERIOD"},
{"toUser":"ES7378788989450000000001","amount":"833.33","dateCreated":"lun 22 dic 09:06","isParent":false,"fromUser":"ES0878788989450000000007","isTimeLimited":false,"subject":"transacción para la etiqueta 'WILDTAG'","currency":"EUR","id":56,"state":"OK","tag":"WILDTAG","type":"COOIN_INIT_PERIOD_TIME_LIMITED"},
{"toUser":"ES7878788989450000000008","amount":"0.00","dateCreated":"lun 22 dic 09:06","isParent":false,"fromUser":"ES7878788989450000000008","isTimeLimited":false,"subject":"transacción para la etiqueta 'WILDTAG'","currency":"EUR","id":57,"state":"OK","tag":"WILDTAG","type":"COOIN_INIT_PERIOD"},
{"toUser":"ES7378788989450000000001","amount":"833.33","dateCreated":"lun 22 dic 09:06","isParent":false,"fromUser":"ES7878788989450000000008","isTimeLimited":false,"subject":"transacción para la etiqueta 'WILDTAG'","currency":"EUR","id":58,"state":"OK","tag":"WILDTAG","type":"COOIN_INIT_PERIOD_TIME_LIMITED"},
{"toUser":"ES5178788989450000000009","amount":"0.00","dateCreated":"lun 22 dic 09:06","isParent":false,"fromUser":"ES5178788989450000000009","isTimeLimited":false,"subject":"transacción para la etiqueta 'WILDTAG'","currency":"EUR","id":59,"state":"OK","tag":"WILDTAG","type":"COOIN_INIT_PERIOD"},
{"toUser":"ES7378788989450000000001","amount":"833.33","dateCreated":"lun 22 dic 09:06","isParent":false,"fromUser":"ES5178788989450000000009","isTimeLimited":false,"subject":"transacción para la etiqueta 'WILDTAG'","currency":"EUR","id":60,"state":"OK","tag":"WILDTAG","type":"COOIN_INIT_PERIOD_TIME_LIMITED"},
{"toUser":"ES2478788989450000000010","amount":"0.00","dateCreated":"lun 22 dic 09:06","isParent":false,"fromUser":"ES2478788989450000000010","isTimeLimited":false,"subject":"transacción para la etiqueta 'WILDTAG'","currency":"EUR","id":61,"state":"OK","tag":"WILDTAG","type":"COOIN_INIT_PERIOD"},
{"toUser":"ES7378788989450000000001","amount":"833.33","dateCreated":"lun 22 dic 09:06","isParent":false,"fromUser":"ES2478788989450000000010","isTimeLimited":false,"subject":"transacción para la etiqueta 'WILDTAG'","currency":"EUR","id":62,"state":"OK","tag":"WILDTAG","type":"COOIN_INIT_PERIOD_TIME_LIMITED"},
{"toUser":"ES4678788989450000000002","amount":"0.00","dateCreated":"lun 22 dic 09:06","isParent":false,"fromUser":"ES4678788989450000000002","isTimeLimited":false,"subject":"transacción para la etiqueta 'WILDTAG'","currency":"EUR","id":63,"state":"OK","tag":"WILDTAG","type":"COOIN_INIT_PERIOD"},
{"toUser":"ES7378788989450000000001","amount":"723.33","dateCreated":"lun 22 dic 09:06","isParent":false,"fromUser":"ES4678788989450000000002","isTimeLimited":false,"subject":"transacción para la etiqueta 'WILDTAG'","currency":"EUR","id":64,"state":"OK","tag":"WILDTAG","type":"COOIN_INIT_PERIOD_TIME_LIMITED"},
{"toUser":"ES8978788989450000000004","amount":"10000.00","dateCreated":"lun 22 dic 09:16","isParent":true,"fromUser":"ES8477777777450000012345","isTimeLimited":true,"subject":"BankVS transactionvs to userVS - lun 22 dic 09:16","currency":"EUR","id":66,"state":"OK","tag":"WILDTAG","type":"FROM_BANKVS"},
{"toUser":"ES8978788989450000000004","amount":"5000.00","dateCreated":"lun 22 dic 10:12","isParent":true,"fromUser":"ES8477777777450000012345","isTimeLimited":false,"subject":"BankVS transactionvs to userVS - lun 22 dic 10:12","currency":"EUR","id":68,"state":"OK","tag":"WILDTAG","type":"FROM_BANKVS"},
{"toUser":"ES3578788989450000000006","amount":"333.33","dateCreated":"lun 22 dic 11:41","isParent":true,"fromUser":"ES8978788989450000000004","isTimeLimited":false,"subject":"Ingreso lunes 11:40 semana Navidad","currency":"EUR","id":70,"state":"OK","tag":"HIDROGENO","type":"FROM_GROUP_TO_ALL_MEMBERS"},
{"toUser":"ES0878788989450000000007","amount":"333.33","dateCreated":"lun 22 dic 11:41","isParent":true,"fromUser":"ES8978788989450000000004","isTimeLimited":false,"subject":"Ingreso lunes 11:40 semana Navidad","currency":"EUR","id":71,"state":"OK","tag":"HIDROGENO","type":"FROM_GROUP_TO_ALL_MEMBERS"},
{"toUser":"ES7878788989450000000008","amount":"333.33","dateCreated":"lun 22 dic 11:41","isParent":true,"fromUser":"ES8978788989450000000004","isTimeLimited":false,"subject":"Ingreso lunes 11:40 semana Navidad","currency":"EUR","id":72,"state":"OK","tag":"HIDROGENO","type":"FROM_GROUP_TO_ALL_MEMBERS"},
{"toUser":"ES5178788989450000000009","amount":"333.33","dateCreated":"lun 22 dic 11:41","isParent":true,"fromUser":"ES8978788989450000000004","isTimeLimited":false,"subject":"Ingreso lunes 11:40 semana Navidad","currency":"EUR","id":73,"state":"OK","tag":"HIDROGENO","type":"FROM_GROUP_TO_ALL_MEMBERS"},
{"toUser":"ES2478788989450000000010","amount":"333.33","dateCreated":"lun 22 dic 11:41","isParent":true,"fromUser":"ES8978788989450000000004","isTimeLimited":false,"subject":"Ingreso lunes 11:40 semana Navidad","currency":"EUR","id":74,"state":"OK","tag":"HIDROGENO","type":"FROM_GROUP_TO_ALL_MEMBERS"},
{"toUser":"ES4678788989450000000002","amount":"333.33","dateCreated":"lun 22 dic 11:41","isParent":true,"fromUser":"ES8978788989450000000004","isTimeLimited":false,"subject":"Ingreso lunes 11:40 semana Navidad","currency":"EUR","id":75,"state":"OK","tag":"HIDROGENO","type":"FROM_GROUP_TO_ALL_MEMBERS"},
{"toUser":"ES8978788989450000000004","amount":"5000.00","dateCreated":"lun 22 dic 12:49","isParent":true,"fromUser":"ES8477777777450000012345","isTimeLimited":true,"subject":"BankVS transactionvs to userVS - lun 22 dic 12:49","currency":"EUR","id":77,"state":"OK","tag":"HIDROGENO","type":"FROM_BANKVS"},
{"toUser":"ES3578788989450000000006","amount":"166.66","dateCreated":"lun 22 dic 18:51","isParent":true,"fromUser":"ES8978788989450000000004","isTimeLimited":false,"subject":"lunes 18:43","currency":"EUR","id":89,"state":"OK","tag":"NITROGENO","type":"FROM_GROUP_TO_ALL_MEMBERS"},
{"toUser":"ES0878788989450000000007","amount":"166.66","dateCreated":"lun 22 dic 18:51","isParent":true,"fromUser":"ES8978788989450000000004","isTimeLimited":false,"subject":"lunes 18:43","currency":"EUR","id":90,"state":"OK","tag":"NITROGENO","type":"FROM_GROUP_TO_ALL_MEMBERS"},
{"toUser":"ES7878788989450000000008","amount":"166.66","dateCreated":"lun 22 dic 18:51","isParent":true,"fromUser":"ES8978788989450000000004","isTimeLimited":false,"subject":"lunes 18:43","currency":"EUR","id":91,"state":"OK","tag":"NITROGENO","type":"FROM_GROUP_TO_ALL_MEMBERS"},
{"toUser":"ES5178788989450000000009","amount":"166.66","dateCreated":"lun 22 dic 18:51","isParent":true,"fromUser":"ES8978788989450000000004","isTimeLimited":false,"subject":"lunes 18:43","currency":"EUR","id":92,"state":"OK","tag":"NITROGENO","type":"FROM_GROUP_TO_ALL_MEMBERS"},
{"toUser":"ES2478788989450000000010","amount":"166.66","dateCreated":"lun 22 dic 18:51","isParent":true,"fromUser":"ES8978788989450000000004","isTimeLimited":false,"subject":"lunes 18:43","currency":"EUR","id":93,"state":"OK","tag":"NITROGENO","type":"FROM_GROUP_TO_ALL_MEMBERS"},
{"toUser":"ES4678788989450000000002","amount":"166.66","dateCreated":"lun 22 dic 18:51","isParent":true,"fromUser":"ES8978788989450000000004","isTimeLimited":false,"subject":"lunes 18:43","currency":"EUR","id":94,"state":"OK","tag":"NITROGENO","type":"FROM_GROUP_TO_ALL_MEMBERS"},
{"toUser":"ES8978788989450000000004","amount":"3000.00","dateCreated":"lun 22 dic 18:53","isParent":true,"fromUser":"ES8477777777450000012345","isTimeLimited":true,"subject":"BankVS transactionvs to userVS - lun 22 dic 18:53","currency":"EUR","id":96,"state":"OK","tag":"NITROGENO","type":"FROM_BANKVS"},
